# JRE version: Java(TM) SE Runtime Environment (19.0.2+7) (build 19.0.2+7-44)
# Java VM: Java HotSpot(TM) 64-Bit Server VM (19.0.2+7-44, mixed mode, sharing, tiered, compressed oops, compressed class ptrs, parallel gc, windows-amd64)
GC Precious Log:
 CardTable entry size: 512
 CPUs: 4 total, 4 available
 Memory: 8108M
 Large Page Support: Disabled
 NUMA Support: Disabled
 Compressed Oops: Enabled (32-bit)
 Alignments: Space 512K, Generation 512K, Heap 2M
 Heap Min Capacity: 100M
 Heap Initial Capacity: 100M
 Heap Max Capacity: 1G
 Pre-touch: Disabled
 Parallel Workers: 4
Heap:
 PSYoungGen      total 8704K, used 6007K [0x00000000eab00000, 0x00000000eb500000, 0x0000000100000000)
  eden space 6656K, 66% used [0x00000000eab00000,0x00000000eaf57eb0,0x00000000eb180000)
  from space 2048K, 76% used [0x00000000eb180000,0x00000000eb306008,0x00000000eb380000)
  to   space 1536K, 0% used [0x00000000eb380000,0x00000000eb380000,0x00000000eb500000)
 ParOldGen       total 510464K, used 483421K [0x00000000c0000000, 0x00000000df280000, 0x00000000eab00000)
  object space 510464K, 94% used [0x00000000c0000000,0x00000000dd817528,0x00000000df280000)
 Metaspace       used 80230K, committed 81664K, reserved 1179648K
  class space    used 9495K, committed 10176K, reserved 1048576K
GC Heap History (20 events):
Event: 10417.887 GC heap before
{Heap before GC invocations=877 (full 29):
 PSYoungGen      total 6144K, used 6143K [0x00000000eab00000, 0x00000000ebc00000, 0x0000000100000000)
  eden space 3072K, 100% used [0x00000000eab00000,0x00000000eae00000,0x00000000eae00000)
  from space 3072K, 99% used [0x00000000eae00000,0x00000000eb0ffcb0,0x00000000eb100000)
  to   space 6656K, 0% used [0x00000000eb580000,0x00000000eb580000,0x00000000ebc00000)
 ParOldGen       total 493568K, used 482150K [0x00000000c0000000, 0x00000000de200000, 0x00000000eab00000)
  object space 493568K, 97% used [0x00000000c0000000,0x00000000dd6d9888,0x00000000de200000)
 Metaspace       used 80206K, committed 81664K, reserved 1179648K
  class space    used 9492K, committed 10176K, reserved 1048576K
}
Event: 10417.902 GC heap after
{Heap after GC invocations=877 (full 29):
 PSYoungGen      total 7680K, used 3102K [0x00000000eab00000, 0x00000000eb900000, 0x0000000100000000)
  eden space 4096K, 0% used [0x00000000eab00000,0x00000000eab00000,0x00000000eaf00000)
  from space 3584K, 86% used [0x00000000eb580000,0x00000000eb887a40,0x00000000eb900000)
  to   space 4096K, 0% used [0x00000000eb100000,0x00000000eb100000,0x00000000eb500000)
 ParOldGen       total 493568K, used 485195K [0x00000000c0000000, 0x00000000de200000, 0x00000000eab00000)
  object space 493568K, 98% used [0x00000000c0000000,0x00000000dd9d2f28,0x00000000de200000)
 Metaspace       used 80206K, committed 81664K, reserved 1179648K
  class space    used 9492K, committed 10176K, reserved 1048576K
}
Event: 10418.132 GC heap before
{Heap before GC invocations=878 (full 29):
 PSYoungGen      total 7680K, used 7116K [0x00000000eab00000, 0x00000000eb900000, 0x0000000100000000)
  eden space 4096K, 97% used [0x00000000eab00000,0x00000000eaeeb750,0x00000000eaf00000)
  from space 3584K, 86% used [0x00000000eb580000,0x00000000eb887a40,0x00000000eb900000)
  to   space 4096K, 0% used [0x00000000eb100000,0x00000000eb100000,0x00000000eb500000)
 ParOldGen       total 493568K, used 485195K [0x00000000c0000000, 0x00000000de200000, 0x00000000eab00000)
  object space 493568K, 98% used [0x00000000c0000000,0x00000000dd9d2f28,0x00000000de200000)
 Metaspace       used 80206K, committed 81664K, reserved 1179648K
  class space    used 9492K, committed 10176K, reserved 1048576K
}
Event: 10418.155 GC heap after
{Heap after GC invocations=878 (full 29):
 PSYoungGen      total 9216K, used 4063K [0x00000000eab00000, 0x00000000eb900000, 0x0000000100000000)
  eden space 5120K, 0% used [0x00000000eab00000,0x00000000eab00000,0x00000000eb000000)
  from space 4096K, 99% used [0x00000000eb100000,0x00000000eb4f7c60,0x00000000eb500000)
  to   space 4096K, 0% used [0x00000000eb500000,0x00000000eb500000,0x00000000eb900000)
 ParOldGen       total 493568K, used 488255K [0x00000000c0000000, 0x00000000de200000, 0x00000000eab00000)
  object space 493568K, 98% used [0x00000000c0000000,0x00000000ddccfe00,0x00000000de200000)
 Metaspace       used 80206K, committed 81664K, reserved 1179648K
  class space    used 9492K, committed 10176K, reserved 1048576K
}
Event: 10418.385 GC heap before
{Heap before GC invocations=879 (full 29):
 PSYoungGen      total 9216K, used 9183K [0x00000000eab00000, 0x00000000eb900000, 0x0000000100000000)
  eden space 5120K, 100% used [0x00000000eab00000,0x00000000eb000000,0x00000000eb000000)
  from space 4096K, 99% used [0x00000000eb100000,0x00000000eb4f7c60,0x00000000eb500000)
  to   space 4096K, 0% used [0x00000000eb500000,0x00000000eb500000,0x00000000eb900000)
 ParOldGen       total 493568K, used 488255K [0x00000000c0000000, 0x00000000de200000, 0x00000000eab00000)
  object space 493568K, 98% used [0x00000000c0000000,0x00000000ddccfe00,0x00000000de200000)
 Metaspace       used 80206K, committed 81664K, reserved 1179648K
  class space    used 9492K, committed 10176K, reserved 1048576K
}
Event: 10418.403 GC heap after
{Heap after GC invocations=879 (full 29):
 PSYoungGen      total 10240K, used 3944K [0x00000000eab00000, 0x00000000eb900000, 0x0000000100000000)
  eden space 6144K, 0% used [0x00000000eab00000,0x00000000eab00000,0x00000000eb100000)
  from space 4096K, 96% used [0x00000000eb500000,0x00000000eb8da000,0x00000000eb900000)
  to   space 4096K, 0% used [0x00000000eb100000,0x00000000eb100000,0x00000000eb500000)
 ParOldGen       total 493568K, used 491904K [0x00000000c0000000, 0x00000000de200000, 0x00000000eab00000)
  object space 493568K, 99% used [0x00000000c0000000,0x00000000de0603e0,0x00000000de200000)
 Metaspace       used 80206K, committed 81664K, reserved 1179648K
  class space    used 9492K, committed 10176K, reserved 1048576K
}
Event: 10418.403 GC heap before
{Heap before GC invocations=880 (full 30):
 PSYoungGen      total 10240K, used 3944K [0x00000000eab00000, 0x00000000eb900000, 0x0000000100000000)
  eden space 6144K, 0% used [0x00000000eab00000,0x00000000eab00000,0x00000000eb100000)
  from space 4096K, 96% used [0x00000000eb500000,0x00000000eb8da000,0x00000000eb900000)
  to   space 4096K, 0% used [0x00000000eb100000,0x00000000eb100000,0x00000000eb500000)
 ParOldGen       total 493568K, used 491904K [0x00000000c0000000, 0x00000000de200000, 0x00000000eab00000)
  object space 493568K, 99% used [0x00000000c0000000,0x00000000de0603e0,0x00000000de200000)
 Metaspace       used 80206K, committed 81664K, reserved 1179648K
  class space    used 9492K, committed 10176K, reserved 1048576K
}
Event: 10418.998 GC heap after
{Heap after GC invocations=880 (full 30):
 PSYoungGen      total 10240K, used 0K [0x00000000eab00000, 0x00000000eb900000, 0x0000000100000000)
  eden space 6144K, 0% used [0x00000000eab00000,0x00000000eab00000,0x00000000eb100000)
  from space 4096K, 0% used [0x00000000eb100000,0x00000000eb100000,0x00000000eb500000)
  to   space 4096K, 0% used [0x00000000eb500000,0x00000000eb500000,0x00000000eb900000)
 ParOldGen       total 510464K, used 473648K [0x00000000c0000000, 0x00000000df280000, 0x00000000eab00000)
  object space 510464K, 92% used [0x00000000c0000000,0x00000000dce8c348,0x00000000df280000)
 Metaspace       used 80206K, committed 81664K, reserved 1179648K
  class space    used 9492K, committed 10176K, reserved 1048576K
}
Event: 10421.605 GC heap before
{Heap before GC invocations=881 (full 30):
 PSYoungGen      total 10240K, used 6144K [0x00000000eab00000, 0x00000000eb900000, 0x0000000100000000)
  eden space 6144K, 100% used [0x00000000eab00000,0x00000000eb100000,0x00000000eb100000)
  from space 4096K, 0% used [0x00000000eb100000,0x00000000eb100000,0x00000000eb500000)
  to   space 4096K, 0% used [0x00000000eb500000,0x00000000eb500000,0x00000000eb900000)
 ParOldGen       total 510464K, used 473648K [0x00000000c0000000, 0x00000000df280000, 0x00000000eab00000)
  object space 510464K, 92% used [0x00000000c0000000,0x00000000dce8c348,0x00000000df280000)
 Metaspace       used 80218K, committed 81664K, reserved 1179648K
  class space    used 9494K, committed 10176K, reserved 1048576K
}
Event: 10421.615 GC heap after
{Heap after GC invocations=881 (full 30):
 PSYoungGen      total 10240K, used 4090K [0x00000000eab00000, 0x00000000eb900000, 0x0000000100000000)
  eden space 6144K, 0% used [0x00000000eab00000,0x00000000eab00000,0x00000000eb100000)
  from space 4096K, 99% used [0x00000000eb500000,0x00000000eb8fe970,0x00000000eb900000)
  to   space 4096K, 0% used [0x00000000eb100000,0x00000000eb100000,0x00000000eb500000)
 ParOldGen       total 510464K, used 473696K [0x00000000c0000000, 0x00000000df280000, 0x00000000eab00000)
  object space 510464K, 92% used [0x00000000c0000000,0x00000000dce98348,0x00000000df280000)
 Metaspace       used 80218K, committed 81664K, reserved 1179648K
  class space    used 9494K, committed 10176K, reserved 1048576K
}
Event: 10421.904 GC heap before
{Heap before GC invocations=882 (full 30):
 PSYoungGen      total 10240K, used 10234K [0x00000000eab00000, 0x00000000eb900000, 0x0000000100000000)
  eden space 6144K, 100% used [0x00000000eab00000,0x00000000eb100000,0x00000000eb100000)
  from space 4096K, 99% used [0x00000000eb500000,0x00000000eb8fe970,0x00000000eb900000)
  to   space 4096K, 0% used [0x00000000eb100000,0x00000000eb100000,0x00000000eb500000)
 ParOldGen       total 510464K, used 473696K [0x00000000c0000000, 0x00000000df280000, 0x00000000eab00000)
  object space 510464K, 92% used [0x00000000c0000000,0x00000000dce98348,0x00000000df280000)
 Metaspace       used 80221K, committed 81664K, reserved 1179648K
  class space    used 9494K, committed 10176K, reserved 1048576K
}
Event: 10421.913 GC heap after
{Heap after GC invocations=882 (full 30):
 PSYoungGen      total 7168K, used 603K [0x00000000eab00000, 0x00000000eb580000, 0x0000000100000000)
  eden space 6144K, 0% used [0x00000000eab00000,0x00000000eab00000,0x00000000eb100000)
  from space 1024K, 58% used [0x00000000eb100000,0x00000000eb196c08,0x00000000eb200000)
  to   space 2048K, 0% used [0x00000000eb380000,0x00000000eb380000,0x00000000eb580000)
 ParOldGen       total 510464K, used 477791K [0x00000000c0000000, 0x00000000df280000, 0x00000000eab00000)
  object space 510464K, 93% used [0x00000000c0000000,0x00000000dd297d70,0x00000000df280000)
 Metaspace       used 80221K, committed 81664K, reserved 1179648K
  class space    used 9494K, committed 10176K, reserved 1048576K
}
Event: 10421.973 GC heap before
{Heap before GC invocations=883 (full 30):
 PSYoungGen      total 7168K, used 6747K [0x00000000eab00000, 0x00000000eb580000, 0x0000000100000000)
  eden space 6144K, 100% used [0x00000000eab00000,0x00000000eb100000,0x00000000eb100000)
  from space 1024K, 58% used [0x00000000eb100000,0x00000000eb196c08,0x00000000eb200000)
  to   space 2048K, 0% used [0x00000000eb380000,0x00000000eb380000,0x00000000eb580000)
 ParOldGen       total 510464K, used 477791K [0x00000000c0000000, 0x00000000df280000, 0x00000000eab00000)
  object space 510464K, 93% used [0x00000000c0000000,0x00000000dd297d70,0x00000000df280000)
 Metaspace       used 80221K, committed 81664K, reserved 1179648K
  class space    used 9494K, committed 10176K, reserved 1048576K
}
Event: 10421.977 GC heap after
{Heap after GC invocations=883 (full 30):
 PSYoungGen      total 8192K, used 2023K [0x00000000eab00000, 0x00000000eb580000, 0x0000000100000000)
  eden space 6144K, 0% used [0x00000000eab00000,0x00000000eab00000,0x00000000eb100000)
  from space 2048K, 98% used [0x00000000eb380000,0x00000000eb579cb8,0x00000000eb580000)
  to   space 1024K, 0% used [0x00000000eb100000,0x00000000eb100000,0x00000000eb200000)
 ParOldGen       total 510464K, used 478343K [0x00000000c0000000, 0x00000000df280000, 0x00000000eab00000)
  object space 510464K, 93% used [0x00000000c0000000,0x00000000dd321d70,0x00000000df280000)
 Metaspace       used 80221K, committed 81664K, reserved 1179648K
  class space    used 9494K, committed 10176K, reserved 1048576K
}
Event: 10422.014 GC heap before
{Heap before GC invocations=884 (full 30):
 PSYoungGen      total 8192K, used 8167K [0x00000000eab00000, 0x00000000eb580000, 0x0000000100000000)
  eden space 6144K, 100% used [0x00000000eab00000,0x00000000eb100000,0x00000000eb100000)
  from space 2048K, 98% used [0x00000000eb380000,0x00000000eb579cb8,0x00000000eb580000)
  to   space 1024K, 0% used [0x00000000eb100000,0x00000000eb100000,0x00000000eb200000)
 ParOldGen       total 510464K, used 478343K [0x00000000c0000000, 0x00000000df280000, 0x00000000eab00000)
  object space 510464K, 93% used [0x00000000c0000000,0x00000000dd321d70,0x00000000df280000)
 Metaspace       used 80221K, committed 81664K, reserved 1179648K
  class space    used 9494K, committed 10176K, reserved 1048576K
}
Event: 10422.021 GC heap after
{Heap after GC invocations=884 (full 30):
 PSYoungGen      total 7168K, used 1000K [0x00000000eab00000, 0x00000000eb580000, 0x0000000100000000)
  eden space 6144K, 0% used [0x00000000eab00000,0x00000000eab00000,0x00000000eb100000)
  from space 1024K, 97% used [0x00000000eb100000,0x00000000eb1fa010,0x00000000eb200000)
  to   space 2048K, 0% used [0x00000000eb380000,0x00000000eb380000,0x00000000eb580000)
 ParOldGen       total 510464K, used 479911K [0x00000000c0000000, 0x00000000df280000, 0x00000000eab00000)
  object space 510464K, 94% used [0x00000000c0000000,0x00000000dd4a9cf8,0x00000000df280000)
 Metaspace       used 80221K, committed 81664K, reserved 1179648K
  class space    used 9494K, committed 10176K, reserved 1048576K
}
Event: 10422.066 GC heap before
{Heap before GC invocations=885 (full 30):
 PSYoungGen      total 7168K, used 7144K [0x00000000eab00000, 0x00000000eb580000, 0x0000000100000000)
  eden space 6144K, 100% used [0x00000000eab00000,0x00000000eb100000,0x00000000eb100000)
  from space 1024K, 97% used [0x00000000eb100000,0x00000000eb1fa010,0x00000000eb200000)
  to   space 2048K, 0% used [0x00000000eb380000,0x00000000eb380000,0x00000000eb580000)
 ParOldGen       total 510464K, used 479911K [0x00000000c0000000, 0x00000000df280000, 0x00000000eab00000)
  object space 510464K, 94% used [0x00000000c0000000,0x00000000dd4a9cf8,0x00000000df280000)
 Metaspace       used 80222K, committed 81664K, reserved 1179648K
  class space    used 9494K, committed 10176K, reserved 1048576K
}
Event: 10422.069 GC heap after
{Heap after GC invocations=885 (full 30):
 PSYoungGen      total 8704K, used 1361K [0x00000000eab00000, 0x00000000eb600000, 0x0000000100000000)
  eden space 6656K, 0% used [0x00000000eab00000,0x00000000eab00000,0x00000000eb180000)
  from space 2048K, 66% used [0x00000000eb380000,0x00000000eb4d44e8,0x00000000eb580000)
  to   space 2048K, 0% used [0x00000000eb180000,0x00000000eb180000,0x00000000eb380000)
 ParOldGen       total 510464K, used 480903K [0x00000000c0000000, 0x00000000df280000, 0x00000000eab00000)
  object space 510464K, 94% used [0x00000000c0000000,0x00000000dd5a1d08,0x00000000df280000)
 Metaspace       used 80222K, committed 81664K, reserved 1179648K
  class space    used 9494K, committed 10176K, reserved 1048576K
}
Event: 10422.113 GC heap before
{Heap before GC invocations=886 (full 30):
 PSYoungGen      total 8704K, used 8017K [0x00000000eab00000, 0x00000000eb600000, 0x0000000100000000)
  eden space 6656K, 100% used [0x00000000eab00000,0x00000000eb180000,0x00000000eb180000)
  from space 2048K, 66% used [0x00000000eb380000,0x00000000eb4d44e8,0x00000000eb580000)
  to   space 2048K, 0% used [0x00000000eb180000,0x00000000eb180000,0x00000000eb380000)
 ParOldGen       total 510464K, used 480903K [0x00000000c0000000, 0x00000000df280000, 0x00000000eab00000)
  object space 510464K, 94% used [0x00000000c0000000,0x00000000dd5a1d08,0x00000000df280000)
 Metaspace       used 80222K, committed 81664K, reserved 1179648K
  class space    used 9494K, committed 10176K, reserved 1048576K
}
Event: 10422.116 GC heap after
{Heap after GC invocations=886 (full 30):
 PSYoungGen      total 8704K, used 1388K [0x00000000eab00000, 0x00000000eb580000, 0x0000000100000000)
  eden space 6656K, 0% used [0x00000000eab00000,0x00000000eab00000,0x00000000eb180000)
  from space 2048K, 67% used [0x00000000eb180000,0x00000000eb2db008,0x00000000eb380000)
  to   space 1536K, 0% used [0x00000000eb400000,0x00000000eb400000,0x00000000eb580000)
 ParOldGen       total 510464K, used 480903K [0x00000000c0000000, 0x00000000df280000, 0x00000000eab00000)
  object space 510464K, 94% used [0x00000000c0000000,0x00000000dd5a1d08,0x00000000df280000)
 Metaspace       used 80222K, committed 81664K, reserved 1179648K
  class space    used 9494K, committed 10176K, reserved 1048576K
}

